
SQL*Loader: Release 11.2.0.2.0 - Production on Jue Sep 3 15:04:32 2020

Copyright (c) 1982, 2009, Oracle and/or its affiliates.  All rights reserved.

Control File:   CTL_TMP_DEUDACLIENTE.ctl
Data File:      DATA/DATA_DEUDACLIENTE.txt
  Bad File:     DATA_DEUDACLIENTE.bad
  Discard File:  none specified
 
 (Allow all discards)

Number to load: ALL
Number to skip: 1
Errors allowed: 50
Bind array:     64 rows, maximum of 256000 bytes
Continuation:    none specified
Path used:      Conventional

Table TMP_DEUDACLIENTE, loaded from every logical record.
Insert option in effect for this table: TRUNCATE
TRAILING NULLCOLS option in effect

   Column Name                  Position   Len  Term Encl Datatype
------------------------------ ---------- ----- ---- ---- ---------------------
CODMES                              FIRST     *           CHARACTER            
    Terminator string : '"	"'
TIPREGISTRO                          NEXT     *           CHARACTER            
    Terminator string : '"	"'
CODSBSCLIENTE                        NEXT     *           CHARACTER            
    Terminator string : '"	"'
CODENTIDAD                           NEXT     *           CHARACTER            
    Terminator string : '"	"'
TIPCREDITO                           NEXT     *           CHARACTER            
    Terminator string : '"	"'
CODCUENTA                            NEXT     *           CHARACTER            
    Terminator string : '"	"'
DIASATRASO                           NEXT     *           CHARACTER            
    Terminator string : '"	"'
SALDO                                NEXT     *           CHARACTER            
    Terminator string : '"	"'
CLASIFICACION                        NEXT     *           CHARACTER            
    Terminator string : '"	"'


Table TMP_DEUDACLIENTE:
  2099544 Rows successfully loaded.
  0 Rows not loaded due to data errors.
  0 Rows not loaded because all WHEN clauses were failed.
  0 Rows not loaded because all fields were null.


Space allocated for bind array:                 148608 bytes(64 rows)
Read   buffer bytes: 1048576

Total logical records skipped:          1
Total logical records read:       2099544
Total logical records rejected:         0
Total logical records discarded:        0

Run began on Jue Sep 03 15:04:32 2020
Run ended on Jue Sep 03 15:06:36 2020

Elapsed time was:     00:02:03.63
CPU time was:         00:00:30.84
